#
# There is insufficient memory for the Java Runtime Environment to continue.
# Native memory allocation (mmap) failed to map 1342177280 bytes for G1 virtual space
# Possible reasons:
#   The system is out of physical RAM or swap space
#   The process is running with CompressedOops enabled, and the Java Heap may be blocking the growth of the native heap
# Possible solutions:
#   Reduce memory load on the system
#   Increase physical memory or swap space
#   Check if swap backing store is full
#   Decrease Java heap size (-Xmx/-Xms)
#   Decrease number of Java threads
#   Decrease Java thread stack sizes (-Xss)
#   Set larger code cache with -XX:ReservedCodeCacheSize=
#   JVM is running with Zero Based Compressed Oops mode in which the Java heap is
#     placed in the first 32GB address space. The Java Heap base address is the
#     maximum limit for the native heap growth. Please use -XX:HeapBaseMinAddress
#     to set the Java Heap base and to place the Java Heap above 32GB virtual address.
# This output file may be truncated or incomplete.
#
#  Out of Memory Error (os_windows.cpp:3548), pid=36092, tid=67160
#
# JRE version:  (17.0.11+7) (build )
# Java VM: Java HotSpot(TM) 64-Bit Server VM (17.0.11+7-LTS-207, mixed mode, sharing, tiered, compressed oops, compressed class ptrs, g1 gc, windows-amd64)
# Core dump will be written. Default location: C:\Java Projects_Renju Prasannan\149-SpringBoot-JPA-MVC\hs_err_pid36092.mdmp
#

---------------  S U M M A R Y ------------

Command Line: -Dfile.encoding=UTF-8 -Dstdout.encoding=UTF-8 -Dstderr.encoding=UTF-8 -XX:+ShowCodeDetailsInExceptionMessages com.training.Application

Host: Intel(R) Xeon(R) CPU           E5520  @ 2.27GHz, 16 cores, 79G,  Windows Server 2022 , 64 bit Build 20348 (10.0.20348.3089)
Time: Thu Apr 10 14:38:46 2025 India Standard Time elapsed time: 0.071280 seconds (0d 0h 0m 0s)

---------------  T H R E A D  ---------------

Current thread (0x000001df0dfe3b50):  JavaThread "Unknown thread" [_thread_in_vm, id=67160, stack(0x0000007f24b00000,0x0000007f24c00000)]

Stack: [0x0000007f24b00000,0x0000007f24c00000]
Native frames: (J=compiled Java code, j=interpreted, Vv=VM code, C=native code)
V  [jvm.dll+0x679cca]
V  [jvm.dll+0x7da13d]
V  [jvm.dll+0x7dba83]
V  [jvm.dll+0x7dc0f3]
V  [jvm.dll+0x2449af]
V  [jvm.dll+0x676ce9]
V  [jvm.dll+0x66b852]
V  [jvm.dll+0x3018d6]
V  [jvm.dll+0x308e76]
V  [jvm.dll+0x3596ee]
V  [jvm.dll+0x35991f]
V  [jvm.dll+0x2d89a8]
V  [jvm.dll+0x2d9914]
V  [jvm.dll+0x7ac6b1]
V  [jvm.dll+0x366f61]
V  [jvm.dll+0x78b609]
V  [jvm.dll+0x3ec22f]
V  [jvm.dll+0x3ede61]
C  [jli.dll+0x5297]
C  [ucrtbase.dll+0x26b4c]
C  [KERNEL32.DLL+0x14cb0]
C  [ntdll.dll+0x7edcb]


---------------  P R O C E S S  ---------------

Threads class SMR info:
_java_thread_list=0x00007fffab997a18, length=0, elements={
}

Java Threads: ( => current thread )

Other Threads:
  0x000001df0e060c00 GCTaskThread "GC Thread#0" [stack: 0x0000007f24c00000,0x0000007f24d00000] [id=37308]
  0x000001df0e06d4e0 ConcurrentGCThread "G1 Main Marker" [stack: 0x0000007f24d00000,0x0000007f24e00000] [id=38152]
  0x000001df0e06def0 ConcurrentGCThread "G1 Conc#0" [stack: 0x0000007f24e00000,0x0000007f24f00000] [id=58448]

[error occurred during error reporting (printing all threads), id 0xc0000005, EXCEPTION_ACCESS_VIOLATION (0xc0000005) at pc=0x00007fffab1c9497]

VM state: not at safepoint (not fully initialized)

VM Mutex/Monitor currently owned by a thread:  ([mutex/lock_event])
[0x000001df0dfdf890] Heap_lock - owner thread: 0x000001df0dfe3b50

Heap address: 0x0000000300000000, size: 20480 MB, Compressed Oops mode: Zero based, Oop shift amount: 3

CDS archive(s) mapped at: [0x0000000000000000-0x0000000000000000-0x0000000000000000), size 0, SharedBaseAddress: 0x0000000800000000, ArchiveRelocationMode: 1.
Narrow klass base: 0x0000000000000000, Narrow klass shift: 0, Narrow klass range: 0x0

GC Precious Log:
<Empty>

Heap:
 garbage-first heap   total 0K, used 0K [0x0000000300000000, 0x0000000800000000)
  region size 16384K, 0 young (0K), 0 survivors (0K)

[error occurred during error reporting (printing heap information), id 0xc0000005, EXCEPTION_ACCESS_VIOLATION (0xc0000005) at pc=0x00007fffab5b3559]

GC Heap History (0 events):
No events

Deoptimization events (0 events):
No events

Classes unloaded (0 events):
No events

Classes redefined (0 events):
No events

Internal exceptions (0 events):
No events

VM Operations (0 events):
No events

Events (1 events):
Event: 0.047 Loaded shared library C:\Program Files\Java\jdk-17\bin\java.dll


Dynamic libraries:
0x00007ff7714f0000 - 0x00007ff771500000 	C:\Program Files\Java\jdk-17\bin\javaw.exe
0x00007ff815860000 - 0x00007ff815a61000 	C:\Windows\SYSTEM32\ntdll.dll
0x00007ff8138a0000 - 0x00007ff81395e000 	C:\Windows\System32\KERNEL32.DLL
0x00007ff812dc0000 - 0x00007ff813130000 	C:\Windows\System32\KERNELBASE.dll
0x000000006deb0000 - 0x000000006df5e000 	C:\Windows\System32\SYSFER.DLL
0x00007ff8132f0000 - 0x00007ff813400000 	C:\Windows\System32\ucrtbase.dll
0x00007ffff7070000 - 0x00007ffff7089000 	C:\Program Files\Java\jdk-17\bin\jli.dll
0x00007ff814670000 - 0x00007ff814721000 	C:\Windows\System32\ADVAPI32.dll
0x00007ff814500000 - 0x00007ff8145a3000 	C:\Windows\System32\msvcrt.dll
0x00007ffffa3b0000 - 0x00007ffffa3cb000 	C:\Program Files\Java\jdk-17\bin\VCRUNTIME140.dll
0x00007ff815520000 - 0x00007ff8155c2000 	C:\Windows\System32\sechost.dll
0x00007ff8132c0000 - 0x00007ff8132e7000 	C:\Windows\System32\bcrypt.dll
0x00007ff813770000 - 0x00007ff81388e000 	C:\Windows\System32\RPCRT4.dll
0x00007ff814f50000 - 0x00007ff8150f5000 	C:\Windows\System32\USER32.dll
0x00007ff813130000 - 0x00007ff813156000 	C:\Windows\System32\win32u.dll
0x00007ff815740000 - 0x00007ff81576c000 	C:\Windows\System32\GDI32.dll
0x00007ff8046f0000 - 0x00007ff804995000 	C:\Windows\WinSxS\amd64_microsoft.windows.common-controls_6595b64144ccf1df_6.0.20348.2849_none_947683b1eef1cae2\COMCTL32.dll
0x00007ff813540000 - 0x00007ff81365b000 	C:\Windows\System32\gdi32full.dll
0x00007ff8136d0000 - 0x00007ff813770000 	C:\Windows\System32\msvcp_win.dll
0x00007ff8049a0000 - 0x00007ff8049aa000 	C:\Windows\SYSTEM32\VERSION.dll
0x00007ff8157e0000 - 0x00007ff815811000 	C:\Windows\System32\IMM32.DLL
0x00007ff800c20000 - 0x00007ff800c2c000 	C:\Program Files\Java\jdk-17\bin\vcruntime140_1.dll
0x00007fffdd610000 - 0x00007fffdd69e000 	C:\Program Files\Java\jdk-17\bin\msvcp140.dll
0x00007fffaaee0000 - 0x00007fffabac0000 	C:\Program Files\Java\jdk-17\bin\server\jvm.dll
0x00007ff8143e0000 - 0x00007ff8143e8000 	C:\Windows\System32\PSAPI.DLL
0x00007ffff7530000 - 0x00007ffff7539000 	C:\Windows\SYSTEM32\WSOCK32.dll
0x00007ff8143f0000 - 0x00007ff814461000 	C:\Windows\System32\WS2_32.dll
0x00007ff8049b0000 - 0x00007ff8049d7000 	C:\Windows\SYSTEM32\WINMM.dll
0x00007ff811690000 - 0x00007ff8116a7000 	C:\Windows\SYSTEM32\kernel.appcore.dll
0x00007ffffbcb0000 - 0x00007ffffbcba000 	C:\Program Files\Java\jdk-17\bin\jimage.dll
0x00007ff804fa0000 - 0x00007ff8051b1000 	C:\Windows\SYSTEM32\DBGHELP.DLL
0x00007ff801e30000 - 0x00007ff801e60000 	C:\Windows\SYSTEM32\dbgcore.DLL
0x00007ff8134c0000 - 0x00007ff81353f000 	C:\Windows\System32\bcryptPrimitives.dll
0x00007fffdd5e0000 - 0x00007fffdd605000 	C:\Program Files\Java\jdk-17\bin\java.dll

dbghelp: loaded successfully - version: 4.0.5 - missing functions: none
symbol engine: initialized successfully - sym options: 0x614 - pdb path: .;C:\Program Files\Java\jdk-17\bin;C:\Windows\SYSTEM32;C:\Windows\WinSxS\amd64_microsoft.windows.common-controls_6595b64144ccf1df_6.0.20348.2849_none_947683b1eef1cae2;C:\Program Files\Java\jdk-17\bin\server

VM Arguments:
jvm_args: -Dfile.encoding=UTF-8 -Dstdout.encoding=UTF-8 -Dstderr.encoding=UTF-8 -XX:+ShowCodeDetailsInExceptionMessages 
java_command: com.training.Application
java_class_path (initial): C:\Java Projects_Renju Prasannan\149-SpringBoot-JPA-MVC\target\classes;C:\Users\devops2\.m2\repository\org\springframework\boot\spring-boot-starter-data-jpa\3.4.4\spring-boot-starter-data-jpa-3.4.4.jar;C:\Users\devops2\.m2\repository\org\springframework\boot\spring-boot-starter\3.4.4\spring-boot-starter-3.4.4.jar;C:\Users\devops2\.m2\repository\org\springframework\boot\spring-boot-starter-logging\3.4.4\spring-boot-starter-logging-3.4.4.jar;C:\Users\devops2\.m2\repository\ch\qos\logback\logback-classic\1.5.18\logback-classic-1.5.18.jar;C:\Users\devops2\.m2\repository\ch\qos\logback\logback-core\1.5.18\logback-core-1.5.18.jar;C:\Users\devops2\.m2\repository\org\apache\logging\log4j\log4j-to-slf4j\2.24.3\log4j-to-slf4j-2.24.3.jar;C:\Users\devops2\.m2\repository\org\apache\logging\log4j\log4j-api\2.24.3\log4j-api-2.24.3.jar;C:\Users\devops2\.m2\repository\org\slf4j\jul-to-slf4j\2.0.17\jul-to-slf4j-2.0.17.jar;C:\Users\devops2\.m2\repository\jakarta\annotation\jakarta.annotation-api\2.1.1\jakarta.annotation-api-2.1.1.jar;C:\Users\devops2\.m2\repository\org\yaml\snakeyaml\2.3\snakeyaml-2.3.jar;C:\Users\devops2\.m2\repository\org\springframework\boot\spring-boot-starter-jdbc\3.4.4\spring-boot-starter-jdbc-3.4.4.jar;C:\Users\devops2\.m2\repository\com\zaxxer\HikariCP\5.1.0\HikariCP-5.1.0.jar;C:\Users\devops2\.m2\repository\org\springframework\spring-jdbc\6.2.5\spring-jdbc-6.2.5.jar;C:\Users\devops2\.m2\repository\org\hibernate\orm\hibernate-core\6.6.11.Final\hibernate-core-6.6.11.Final.jar;C:\Users\devops2\.m2\repository\jakarta\persistence\jakarta.persistence-api\3.1.0\jakarta.persistence-api-3.1.0.jar;C:\Users\devops2\.m2\repository\jakarta\transaction\jakarta.transaction-api\2.0.1\jakarta.transaction-api-2.0.1.jar;C:\Users\devops2\.m2\repository\org\hibernate\common\hibernate-commons-annotations\7.0.3.Final\hibernate-commons-annotations-7.0.3.Final.jar;C:\Users\devops2\.m2\repository\io\smallrye\jandex\3.2.0\jandex-3.2.0.jar;C:\Users\devops2\.
Launcher Type: SUN_STANDARD

[Global flags]
     intx CICompilerCount                          = 12                                        {product} {ergonomic}
     uint ConcGCThreads                            = 3                                         {product} {ergonomic}
     uint G1ConcRefinementThreads                  = 13                                        {product} {ergonomic}
   size_t G1HeapRegionSize                         = 16777216                                  {product} {ergonomic}
    uintx GCDrainStackTargetSize                   = 64                                        {product} {ergonomic}
   size_t InitialHeapSize                          = 1342177280                                {product} {ergonomic}
   size_t MarkStackSize                            = 4194304                                   {product} {ergonomic}
   size_t MaxHeapSize                              = 21474836480                               {product} {ergonomic}
   size_t MinHeapDeltaBytes                        = 16777216                                  {product} {ergonomic}
   size_t MinHeapSize                              = 16777216                                  {product} {ergonomic}
    uintx NonNMethodCodeHeapSize                   = 7602480                                {pd product} {ergonomic}
    uintx NonProfiledCodeHeapSize                  = 122027880                              {pd product} {ergonomic}
    uintx ProfiledCodeHeapSize                     = 122027880                              {pd product} {ergonomic}
    uintx ReservedCodeCacheSize                    = 251658240                              {pd product} {ergonomic}
     bool SegmentedCodeCache                       = true                                      {product} {ergonomic}
     bool ShowCodeDetailsInExceptionMessages       = true                                   {manageable} {command line}
   size_t SoftMaxHeapSize                          = 21474836480                            {manageable} {ergonomic}
     bool UseCompressedClassPointers               = true                           {product lp64_product} {ergonomic}
     bool UseCompressedOops                        = true                           {product lp64_product} {ergonomic}
     bool UseG1GC                                  = true                                      {product} {ergonomic}
     bool UseLargePagesIndividualAllocation        = false                                  {pd product} {ergonomic}

Logging:
Log output configuration:
 #0: stdout all=warning uptime,level,tags
 #1: stderr all=off uptime,level,tags

Environment Variables:
JAVA_HOME=C:\Program Files\Java\jdk-17
PATH=C:/spring-tool-suite_devops2/sts-4.27.0.RELEASE//plugins/org.eclipse.justj.openjdk.hotspot.jre.full.win32.x86_64_21.0.5.v20241023-1957/jre/bin/server;C:/spring-tool-suite_devops2/sts-4.27.0.RELEASE//plugins/org.eclipse.justj.openjdk.hotspot.jre.full.win32.x86_64_21.0.5.v20241023-1957/jre/bin;C:\Program Files\Java\jdk-17\bin;C:\Users\devops2\AppData\Local\Microsoft\WindowsApps;;C:\spring-tool-suite_devops2\sts-4.27.0.RELEASE;
USERNAME=devops2
OS=Windows_NT
PROCESSOR_IDENTIFIER=Intel64 Family 6 Model 26 Stepping 5, GenuineIntel



---------------  S Y S T E M  ---------------

OS:
 Windows Server 2022 , 64 bit Build 20348 (10.0.20348.3089)
OS uptime: 2 days 17:45 hours
Hyper-V role detected

CPU: total 16 (initial active 16) (4 cores per cpu, 2 threads per core) family 6 model 26 stepping 5 microcode 0x1d, cx8, cmov, fxsr, ht, mmx, sse, sse2, sse3, ssse3, sse4.1, sse4.2, popcnt, tsc, tscinvbit, clflush, hv

Memory: 4k page, system-wide physical 81875M (17605M free)
TotalPageFile size 119272M (AvailPageFile size 470M)
current process WorkingSet (physical memory assigned to process): 12M, peak: 12M
current process commit charge ("private bytes"): 71M, peak: 1351M

vm_info: Java HotSpot(TM) 64-Bit Server VM (17.0.11+7-LTS-207) for windows-amd64 JRE (17.0.11+7-LTS-207), built on Mar 11 2024 19:01:50 by "mach5one" with MS VC++ 17.6 (VS2022)

END.
